# JRE version: Java(TM) SE Runtime Environment (8.0_91-b14) (build 1.8.0_91-b14)
# Java VM: Java HotSpot(TM) 64-Bit Server VM (25.91-b14 mixed mode linux-amd64 compressed oops)
Heap:
 PSYoungGen      total 869376K, used 0K [0x000000076cb80000, 0x00000007c0000000, 0x00000007c0000000)
  eden space 673280K, 0% used [0x000000076cb80000,0x000000076cb80000,0x0000000795d00000)
  from space 196096K, 0% used [0x00000007b4080000,0x00000007b4080000,0x00000007c0000000)
  to   space 345600K, 0% used [0x0000000795d00000,0x0000000795d00000,0x00000007aae80000)
 ParOldGen       total 1092608K, used 1041758K [0x00000006c6200000, 0x0000000708d00000, 0x000000076cb80000)
  object space 1092608K, 95% used [0x00000006c6200000,0x0000000705b57860,0x0000000708d00000)
 Metaspace       used 84697K, capacity 88992K, committed 89216K, reserved 1124352K
  class space    used 12473K, capacity 13312K, committed 13440K, reserved 1048576K
GC Heap History (10 events):
Event: 186,037 GC heap after
Heap after GC invocations=45 (full 5):
 PSYoungGen      total 1131008K, used 34144K [0x000000076cb80000, 0x00000007be000000, 0x00000007c0000000)
  eden space 960000K, 0% used [0x000000076cb80000,0x000000076cb80000,0x00000007a7500000)
  from space 171008K, 19% used [0x00000007b3900000,0x00000007b5a58368,0x00000007be000000)
  to   space 185856K, 0% used [0x00000007a7500000,0x00000007a7500000,0x00000007b2a80000)
 ParOldGen       total 1082880K, used 782457K [0x00000006c6200000, 0x0000000708380000, 0x000000076cb80000)
  object space 1082880K, 72% used [0x00000006c6200000,0x00000006f5e1e640,0x0000000708380000)
 Metaspace       used 84543K, capacity 88864K, committed 89088K, reserved 1124352K
  class space    used 12465K, capacity 13312K, committed 13312K, reserved 1048576K
}
Event: 188,012 GC heap before
{Heap before GC invocations=46 (full 5):
 PSYoungGen      total 1131008K, used 994144K [0x000000076cb80000, 0x00000007be000000, 0x00000007c0000000)
  eden space 960000K, 100% used [0x000000076cb80000,0x00000007a7500000,0x00000007a7500000)
  from space 171008K, 19% used [0x00000007b3900000,0x00000007b5a58368,0x00000007be000000)
  to   space 185856K, 0% used [0x00000007a7500000,0x00000007a7500000,0x00000007b2a80000)
 ParOldGen       total 1082880K, used 782457K [0x00000006c6200000, 0x0000000708380000, 0x000000076cb80000)
  object space 1082880K, 72% used [0x00000006c6200000,0x00000006f5e1e640,0x0000000708380000)
 Metaspace       used 84543K, capacity 88864K, committed 89088K, reserved 1124352K
  class space    used 12465K, capacity 13312K, committed 13312K, reserved 1048576K
Event: 188,039 GC heap after
Heap after GC invocations=46 (full 5):
 PSYoungGen      total 1145856K, used 34176K [0x000000076cb80000, 0x00000007bf980000, 0x00000007c0000000)
  eden space 960000K, 0% used [0x000000076cb80000,0x000000076cb80000,0x00000007a7500000)
  from space 185856K, 18% used [0x00000007a7500000,0x00000007a9660368,0x00000007b2a80000)
  to   space 175104K, 0% used [0x00000007b4e80000,0x00000007b4e80000,0x00000007bf980000)
 ParOldGen       total 1082880K, used 782457K [0x00000006c6200000, 0x0000000708380000, 0x000000076cb80000)
  object space 1082880K, 72% used [0x00000006c6200000,0x00000006f5e1e640,0x0000000708380000)
 Metaspace       used 84543K, capacity 88864K, committed 89088K, reserved 1124352K
  class space    used 12465K, capacity 13312K, committed 13312K, reserved 1048576K
}
Event: 189,616 GC heap before
{Heap before GC invocations=47 (full 5):
 PSYoungGen      total 1145856K, used 994176K [0x000000076cb80000, 0x00000007bf980000, 0x00000007c0000000)
  eden space 960000K, 100% used [0x000000076cb80000,0x00000007a7500000,0x00000007a7500000)
  from space 185856K, 18% used [0x00000007a7500000,0x00000007a9660368,0x00000007b2a80000)
  to   space 175104K, 0% used [0x00000007b4e80000,0x00000007b4e80000,0x00000007bf980000)
 ParOldGen       total 1082880K, used 782457K [0x00000006c6200000, 0x0000000708380000, 0x000000076cb80000)
  object space 1082880K, 72% used [0x00000006c6200000,0x00000006f5e1e640,0x0000000708380000)
 Metaspace       used 84544K, capacity 88864K, committed 89088K, reserved 1124352K
  class space    used 12465K, capacity 13312K, committed 13312K, reserved 1048576K
Event: 189,639 GC heap after
Heap after GC invocations=47 (full 5):
 PSYoungGen      total 1154048K, used 34080K [0x000000076cb80000, 0x00000007be180000, 0x00000007c0000000)
  eden space 1003520K, 0% used [0x000000076cb80000,0x000000076cb80000,0x00000007a9f80000)
  from space 150528K, 22% used [0x00000007b4e80000,0x00000007b6fc8368,0x00000007be180000)
  to   space 164864K, 0% used [0x00000007a9f80000,0x00000007a9f80000,0x00000007b4080000)
 ParOldGen       total 1082880K, used 782457K [0x00000006c6200000, 0x0000000708380000, 0x000000076cb80000)
  object space 1082880K, 72% used [0x00000006c6200000,0x00000006f5e1e640,0x0000000708380000)
 Metaspace       used 84544K, capacity 88864K, committed 89088K, reserved 1124352K
  class space    used 12465K, capacity 13312K, committed 13312K, reserved 1048576K
}
Event: 191,310 GC heap before
{Heap before GC invocations=48 (full 5):
 PSYoungGen      total 1154048K, used 1037600K [0x000000076cb80000, 0x00000007be180000, 0x00000007c0000000)
  eden space 1003520K, 100% used [0x000000076cb80000,0x00000007a9f80000,0x00000007a9f80000)
  from space 150528K, 22% used [0x00000007b4e80000,0x00000007b6fc8368,0x00000007be180000)
  to   space 164864K, 0% used [0x00000007a9f80000,0x00000007a9f80000,0x00000007b4080000)
 ParOldGen       total 1082880K, used 782457K [0x00000006c6200000, 0x0000000708380000, 0x000000076cb80000)
  object space 1082880K, 72% used [0x00000006c6200000,0x00000006f5e1e640,0x0000000708380000)
 Metaspace       used 84709K, capacity 89006K, committed 89216K, reserved 1124352K
  class space    used 12474K, capacity 13314K, committed 13440K, reserved 1048576K
Event: 191,372 GC heap after
Heap after GC invocations=48 (full 5):
 PSYoungGen      total 1168384K, used 164832K [0x000000076cb80000, 0x00000007c0000000, 0x00000007c0000000)
  eden space 1003520K, 0% used [0x000000076cb80000,0x000000076cb80000,0x00000007a9f80000)
  from space 164864K, 99% used [0x00000007a9f80000,0x00000007b4078368,0x00000007b4080000)
  to   space 196096K, 0% used [0x00000007b4080000,0x00000007b4080000,0x00000007c0000000)
 ParOldGen       total 1082880K, used 812522K [0x00000006c6200000, 0x0000000708380000, 0x000000076cb80000)
  object space 1082880K, 75% used [0x00000006c6200000,0x00000006f7b7a930,0x0000000708380000)
 Metaspace       used 84709K, capacity 89006K, committed 89216K, reserved 1124352K
  class space    used 12474K, capacity 13314K, committed 13440K, reserved 1048576K
}
Event: 192,305 GC heap before
{Heap before GC invocations=49 (full 5):
 PSYoungGen      total 1168384K, used 1168352K [0x000000076cb80000, 0x00000007c0000000, 0x00000007c0000000)
  eden space 1003520K, 100% used [0x000000076cb80000,0x00000007a9f80000,0x00000007a9f80000)
  from space 164864K, 99% used [0x00000007a9f80000,0x00000007b4078368,0x00000007b4080000)
  to   space 196096K, 0% used [0x00000007b4080000,0x00000007b4080000,0x00000007c0000000)
 ParOldGen       total 1082880K, used 812522K [0x00000006c6200000, 0x0000000708380000, 0x000000076cb80000)
  object space 1082880K, 75% used [0x00000006c6200000,0x00000006f7b7a930,0x0000000708380000)
 Metaspace       used 84709K, capacity 89006K, committed 89216K, reserved 1124352K
  class space    used 12474K, capacity 13314K, committed 13440K, reserved 1048576K
Event: 193,046 GC heap after
Heap after GC invocations=49 (full 5):
 PSYoungGen      total 869376K, used 196096K [0x000000076cb80000, 0x00000007c0000000, 0x00000007c0000000)
  eden space 673280K, 0% used [0x000000076cb80000,0x000000076cb80000,0x0000000795d00000)
  from space 196096K, 100% used [0x00000007b4080000,0x00000007c0000000,0x00000007c0000000)
  to   space 345600K, 0% used [0x0000000795d00000,0x0000000795d00000,0x00000007aae80000)
 ParOldGen       total 1092608K, used 1090662K [0x00000006c6200000, 0x0000000708d00000, 0x000000076cb80000)
  object space 1092608K, 99% used [0x00000006c6200000,0x0000000708b19928,0x0000000708d00000)
 Metaspace       used 84709K, capacity 89006K, committed 89216K, reserved 1124352K
  class space    used 12474K, capacity 13314K, committed 13440K, reserved 1048576K
}
Event: 193,046 GC heap before
{Heap before GC invocations=50 (full 6):
 PSYoungGen      total 869376K, used 196096K [0x000000076cb80000, 0x00000007c0000000, 0x00000007c0000000)
  eden space 673280K, 0% used [0x000000076cb80000,0x000000076cb80000,0x0000000795d00000)
  from space 196096K, 100% used [0x00000007b4080000,0x00000007c0000000,0x00000007c0000000)
  to   space 345600K, 0% used [0x0000000795d00000,0x0000000795d00000,0x00000007aae80000)
 ParOldGen       total 1092608K, used 1090662K [0x00000006c6200000, 0x0000000708d00000, 0x000000076cb80000)
  object space 1092608K, 99% used [0x00000006c6200000,0x0000000708b19928,0x0000000708d00000)
 Metaspace       used 84709K, capacity 89006K, committed 89216K, reserved 1124352K
  class space    used 12474K, capacity 13314K, committed 13440K, reserved 1048576K

