# JRE version: Java(TM) SE Runtime Environment (8.0_91-b14) (build 1.8.0_91-b14)
# Java VM: Java HotSpot(TM) 64-Bit Server VM (25.91-b14 mixed mode linux-amd64 compressed oops)
Heap:
 PSYoungGen      total 1147904K, used 0K [0x000000076cb80000, 0x00000007c0000000, 0x00000007c0000000)
  eden space 965120K, 0% used [0x000000076cb80000,0x000000076cb80000,0x00000007a7a00000)
  from space 182784K, 0% used [0x00000007a7a00000,0x00000007a7a00000,0x00000007b2c80000)
  to   space 216576K, 0% used [0x00000007b2c80000,0x00000007b2c80000,0x00000007c0000000)
 ParOldGen       total 951296K, used 859733K [0x00000006c6200000, 0x0000000700300000, 0x000000076cb80000)
  object space 951296K, 90% used [0x00000006c6200000,0x00000006fa9957d8,0x0000000700300000)
 Metaspace       used 84720K, capacity 88992K, committed 89216K, reserved 1124352K
  class space    used 12469K, capacity 13312K, committed 13440K, reserved 1048576K
GC Heap History (10 events):
Event: 175,193 GC heap after
Heap after GC invocations=42 (full 5):
 PSYoungGen      total 1113600K, used 13056K [0x000000076cb80000, 0x00000007bf500000, 0x00000007c0000000)
  eden space 888832K, 0% used [0x000000076cb80000,0x000000076cb80000,0x00000007a2f80000)
  from space 224768K, 5% used [0x00000007a2f80000,0x00000007a3c40368,0x00000007b0b00000)
  to   space 214528K, 0% used [0x00000007b2380000,0x00000007b2380000,0x00000007bf500000)
 ParOldGen       total 951296K, used 735613K [0x00000006c6200000, 0x0000000700300000, 0x000000076cb80000)
  object space 951296K, 77% used [0x00000006c6200000,0x00000006f305f478,0x0000000700300000)
 Metaspace       used 84578K, capacity 88928K, committed 89088K, reserved 1124352K
  class space    used 12461K, capacity 13312K, committed 13312K, reserved 1048576K
}
Event: 176,796 GC heap before
{Heap before GC invocations=43 (full 5):
 PSYoungGen      total 1113600K, used 901888K [0x000000076cb80000, 0x00000007bf500000, 0x00000007c0000000)
  eden space 888832K, 100% used [0x000000076cb80000,0x00000007a2f80000,0x00000007a2f80000)
  from space 224768K, 5% used [0x00000007a2f80000,0x00000007a3c40368,0x00000007b0b00000)
  to   space 214528K, 0% used [0x00000007b2380000,0x00000007b2380000,0x00000007bf500000)
 ParOldGen       total 951296K, used 735613K [0x00000006c6200000, 0x0000000700300000, 0x000000076cb80000)
  object space 951296K, 77% used [0x00000006c6200000,0x00000006f305f478,0x0000000700300000)
 Metaspace       used 84578K, capacity 88928K, committed 89088K, reserved 1124352K
  class space    used 12461K, capacity 13312K, committed 13312K, reserved 1048576K
Event: 176,817 GC heap after
Heap after GC invocations=43 (full 5):
 PSYoungGen      total 1120256K, used 10400K [0x000000076cb80000, 0x00000007be200000, 0x00000007c0000000)
  eden space 925184K, 0% used [0x000000076cb80000,0x000000076cb80000,0x00000007a5300000)
  from space 195072K, 5% used [0x00000007b2380000,0x00000007b2da8000,0x00000007be200000)
  to   space 204288K, 0% used [0x00000007a5300000,0x00000007a5300000,0x00000007b1a80000)
 ParOldGen       total 951296K, used 748549K [0x00000006c6200000, 0x0000000700300000, 0x000000076cb80000)
  object space 951296K, 78% used [0x00000006c6200000,0x00000006f3d017e0,0x0000000700300000)
 Metaspace       used 84578K, capacity 88928K, committed 89088K, reserved 1124352K
  class space    used 12461K, capacity 13312K, committed 13312K, reserved 1048576K
}
Event: 178,315 GC heap before
{Heap before GC invocations=44 (full 5):
 PSYoungGen      total 1120256K, used 935584K [0x000000076cb80000, 0x00000007be200000, 0x00000007c0000000)
  eden space 925184K, 100% used [0x000000076cb80000,0x00000007a5300000,0x00000007a5300000)
  from space 195072K, 5% used [0x00000007b2380000,0x00000007b2da8000,0x00000007be200000)
  to   space 204288K, 0% used [0x00000007a5300000,0x00000007a5300000,0x00000007b1a80000)
 ParOldGen       total 951296K, used 748549K [0x00000006c6200000, 0x0000000700300000, 0x000000076cb80000)
  object space 951296K, 78% used [0x00000006c6200000,0x00000006f3d017e0,0x0000000700300000)
 Metaspace       used 84578K, capacity 88928K, committed 89088K, reserved 1124352K
  class space    used 12461K, capacity 13312K, committed 13312K, reserved 1048576K
Event: 178,331 GC heap after
Heap after GC invocations=44 (full 5):
 PSYoungGen      total 1129472K, used 6944K [0x000000076cb80000, 0x00000007bf700000, 0x00000007c0000000)
  eden space 925184K, 0% used [0x000000076cb80000,0x000000076cb80000,0x00000007a5300000)
  from space 204288K, 3% used [0x00000007a5300000,0x00000007a59c8000,0x00000007b1a80000)
  to   space 195072K, 0% used [0x00000007b3880000,0x00000007b3880000,0x00000007bf700000)
 ParOldGen       total 951296K, used 758837K [0x00000006c6200000, 0x0000000700300000, 0x000000076cb80000)
  object space 951296K, 79% used [0x00000006c6200000,0x00000006f470d7e0,0x0000000700300000)
 Metaspace       used 84578K, capacity 88928K, committed 89088K, reserved 1124352K
  class space    used 12461K, capacity 13312K, committed 13312K, reserved 1048576K
}
Event: 180,026 GC heap before
{Heap before GC invocations=45 (full 5):
 PSYoungGen      total 1129472K, used 932128K [0x000000076cb80000, 0x00000007bf700000, 0x00000007c0000000)
  eden space 925184K, 100% used [0x000000076cb80000,0x00000007a5300000,0x00000007a5300000)
  from space 204288K, 3% used [0x00000007a5300000,0x00000007a59c8000,0x00000007b1a80000)
  to   space 195072K, 0% used [0x00000007b3880000,0x00000007b3880000,0x00000007bf700000)
 ParOldGen       total 951296K, used 758837K [0x00000006c6200000, 0x0000000700300000, 0x000000076cb80000)
  object space 951296K, 79% used [0x00000006c6200000,0x00000006f470d7e0,0x0000000700300000)
 Metaspace       used 84728K, capacity 89006K, committed 89216K, reserved 1124352K
  class space    used 12470K, capacity 13314K, committed 13440K, reserved 1048576K
Event: 180,063 GC heap after
Heap after GC invocations=45 (full 5):
 PSYoungGen      total 1135616K, used 23232K [0x000000076cb80000, 0x00000007bdf00000, 0x00000007c0000000)
  eden space 965120K, 0% used [0x000000076cb80000,0x000000076cb80000,0x00000007a7a00000)
  from space 170496K, 13% used [0x00000007b3880000,0x00000007b4f30000,0x00000007bdf00000)
  to   space 182784K, 0% used [0x00000007a7a00000,0x00000007a7a00000,0x00000007b2c80000)
 ParOldGen       total 951296K, used 765645K [0x00000006c6200000, 0x0000000700300000, 0x000000076cb80000)
  object space 951296K, 80% used [0x00000006c6200000,0x00000006f4db37e0,0x0000000700300000)
 Metaspace       used 84728K, capacity 89006K, committed 89216K, reserved 1124352K
  class space    used 12470K, capacity 13314K, committed 13440K, reserved 1048576K
}
Event: 181,582 GC heap before
{Heap before GC invocations=46 (full 5):
 PSYoungGen      total 1135616K, used 988352K [0x000000076cb80000, 0x00000007bdf00000, 0x00000007c0000000)
  eden space 965120K, 100% used [0x000000076cb80000,0x00000007a7a00000,0x00000007a7a00000)
  from space 170496K, 13% used [0x00000007b3880000,0x00000007b4f30000,0x00000007bdf00000)
  to   space 182784K, 0% used [0x00000007a7a00000,0x00000007a7a00000,0x00000007b2c80000)
 ParOldGen       total 951296K, used 765645K [0x00000006c6200000, 0x0000000700300000, 0x000000076cb80000)
  object space 951296K, 80% used [0x00000006c6200000,0x00000006f4db37e0,0x0000000700300000)
 Metaspace       used 84732K, capacity 89006K, committed 89216K, reserved 1124352K
  class space    used 12470K, capacity 13314K, committed 13440K, reserved 1048576K
Event: 181,811 GC heap after
Heap after GC invocations=46 (full 5):
 PSYoungGen      total 1147904K, used 182764K [0x000000076cb80000, 0x00000007c0000000, 0x00000007c0000000)
  eden space 965120K, 0% used [0x000000076cb80000,0x000000076cb80000,0x00000007a7a00000)
  from space 182784K, 99% used [0x00000007a7a00000,0x00000007b2c7b300,0x00000007b2c80000)
  to   space 216576K, 0% used [0x00000007b2c80000,0x00000007b2c80000,0x00000007c0000000)
 ParOldGen       total 951296K, used 884600K [0x00000006c6200000, 0x0000000700300000, 0x000000076cb80000)
  object space 951296K, 92% used [0x00000006c6200000,0x00000006fc1de350,0x0000000700300000)
 Metaspace       used 84732K, capacity 89006K, committed 89216K, reserved 1124352K
  class space    used 12470K, capacity 13314K, committed 13440K, reserved 1048576K
}
Event: 181,811 GC heap before
{Heap before GC invocations=47 (full 6):
 PSYoungGen      total 1147904K, used 182764K [0x000000076cb80000, 0x00000007c0000000, 0x00000007c0000000)
  eden space 965120K, 0% used [0x000000076cb80000,0x000000076cb80000,0x00000007a7a00000)
  from space 182784K, 99% used [0x00000007a7a00000,0x00000007b2c7b300,0x00000007b2c80000)
  to   space 216576K, 0% used [0x00000007b2c80000,0x00000007b2c80000,0x00000007c0000000)
 ParOldGen       total 951296K, used 884600K [0x00000006c6200000, 0x0000000700300000, 0x000000076cb80000)
  object space 951296K, 92% used [0x00000006c6200000,0x00000006fc1de350,0x0000000700300000)
 Metaspace       used 84732K, capacity 89006K, committed 89216K, reserved 1124352K
  class space    used 12470K, capacity 13314K, committed 13440K, reserved 1048576K

